Base path: /Applications/Unity/Unity.app/Contents
Cmd: initializeCompiler
Cmd: compileComputeKernel
  api=14 insize=1435 outsize=6521 ok=1
Cmd: translateComputeKernel
  api=14 insize=7537 outsize=3193 ok=1
Cmd: compileComputeKernel
  api=14 insize=3273 outsize=7989 ok=1
<<<<<<< HEAD
Cmd: compileComputeKernel
  api=15 insize=3273 outsize=3741 ok=1
Cmd: compileComputeKernel
  api=15 insize=1526 outsize=897 ok=1
Cmd: translateComputeKernel
  api=14 insize=873 outsize=909 ok=1

Quitting shader compiler process
=======
Cmd: translateComputeKernel
  api=14 insize=7989 outsize=5301 ok=1
Cmd: translateComputeKernel
  api=14 insize=6689 outsize=1561 ok=1
Cmd: compileComputeKernel
  api=14 insize=1526 outsize=781 ok=1
Cmd: translateComputeKernel
  api=14 insize=873 outsize=909 ok=1
>>>>>>> c962f8dca1b1e114ea04465d8582e5b728e96e1a
