Base path: /Applications/Unity/Unity.app/Contents
Cmd: initializeCompiler
Cmd: compileComputeKernel
  api=15 insize=1435 outsize=5253 ok=1
Cmd: compileComputeKernel
<<<<<<< HEAD
  api=15 insize=3273 outsize=6785 ok=1
Cmd: translateComputeKernel
  api=14 insize=7169 outsize=3577 ok=1
Cmd: translateComputeKernel
  api=14 insize=6689 outsize=1561 ok=1
Cmd: compileComputeKernel
  api=14 insize=1526 outsize=781 ok=1
Cmd: compileComputeKernel
  api=15 insize=2343 outsize=5069 ok=1

Quitting shader compiler process
=======
  api=14 insize=3273 outsize=6617 ok=1
Cmd: compileComputeKernel
  api=15 insize=3273 outsize=10405 ok=1
Cmd: compileComputeKernel
  api=15 insize=1526 outsize=897 ok=1
Cmd: compileComputeKernel
  api=15 insize=2343 outsize=5069 ok=1
>>>>>>> c962f8dca1b1e114ea04465d8582e5b728e96e1a
